SF:lib/core/constants/app_constants.dart
DA:4,0
LF:1
LH:0
end_of_record
SF:lib/presentation/widgets/home/category_tabs.dart
DA:9,1
DA:16,1
DA:18,2
DA:20,1
DA:23,1
DA:24,1
DA:25,1
DA:26,1
DA:27,1
DA:28,1
DA:33,1
DA:34,2
DA:38,1
DA:39,4
DA:40,2
DA:41,1
DA:42,1
DA:43,3
DA:44,1
DA:46,1
DA:48,2
DA:50,1
DA:52,1
DA:53,1
DA:54,2
DA:55,1
DA:57,1
DA:58,2
LF:28
LH:28
end_of_record
SF:lib/presentation/widgets/home/app_header.dart
DA:6,1
DA:8,1
DA:10,1
DA:11,1
DA:13,1
DA:16,1
DA:17,1
DA:18,1
DA:19,1
DA:20,2
DA:25,1
DA:27,1
DA:28,1
DA:30,1
DA:33,2
DA:37,1
DA:39,1
DA:41,2
DA:42,1
DA:43,1
LF:20
LH:20
end_of_record
SF:lib/presentation/widgets/home/summary_card.dart
DA:12,1
DA:22,1
DA:24,1
DA:26,1
DA:28,2
DA:30,2
DA:31,1
DA:34,1
DA:35,1
DA:36,1
DA:37,1
DA:38,2
DA:43,1
DA:44,2
DA:48,1
DA:51,1
DA:53,1
DA:55,1
DA:56,1
DA:58,1
DA:59,2
DA:60,1
DA:62,1
DA:63,1
DA:64,1
DA:68,2
DA:70,1
DA:71,1
DA:79,1
DA:80,1
DA:81,1
DA:84,2
DA:91,1
DA:92,1
DA:93,1
DA:96,2
DA:97,0
DA:98,1
DA:104,2
DA:106,1
DA:107,1
DA:108,1
DA:110,2
DA:111,0
DA:112,1
LF:45
LH:43
end_of_record
